<?xml version="1.0" encoding="UTF-8"?>
<!-- Generated by org.testng.reporters.JUnitXMLReporter -->
<testsuite ignored="0" hostname="DESKTOP-RPLLGFJ" failures="0" tests="1" name="Test1" time="0.26" errors="0" timestamp="2024-05-20T00:00:17 IST">
  <testcase classname="com.automation.KarateTest.TestNgTestBase" name="@BeforeMethod initWebDriver" time="0.181">
    <failure type="ru.stqa.selenium.factory.DriverCreationError" message="java.lang.reflect.InvocationTargetException">
      <![CDATA[ru.stqa.selenium.factory.DriverCreationError: java.lang.reflect.InvocationTargetException
at ru.stqa.selenium.factory.ReflectionBasedInstanceCreator.callConstructor(ReflectionBasedInstanceCreator.java:58)
at ru.stqa.selenium.factory.ReflectionBasedInstanceCreator.createDriver(ReflectionBasedInstanceCreator.java:44)
at ru.stqa.selenium.factory.DefaultLocalDriverProvider.createDriver(DefaultLocalDriverProvider.java:54)
at ru.stqa.selenium.factory.AbstractWebDriverPool.newDriver(AbstractWebDriverPool.java:36)
at ru.stqa.selenium.factory.ThreadLocalSingleWebDriverPool.createNewDriver(ThreadLocalSingleWebDriverPool.java:120)
at ru.stqa.selenium.factory.ThreadLocalSingleWebDriverPool.getDriver(ThreadLocalSingleWebDriverPool.java:42)
at com.automation.KarateTest.TestNgTestBase.initWebDriver(TestNgTestBase.java:38)
at java.base/java.util.ArrayList.forEach(ArrayList.java:1541)
at ru.stqa.selenium.factory.ReflectionBasedInstanceCreator.callConstructor(ReflectionBasedInstanceCreator.java:50)
... 42 more
Caused by: org.openqa.selenium.WebDriverException: Cannot find firefox binary in PATH. Make sure firefox is installed. OS appears to be: WIN10
Build info: version: '3.141.59', revision: 'e82be7d358', time: '2018-11-14T08:17:03'
System info: host: 'DESKTOP-RPLLGFJ', ip: '192.168.1.4', os.name: 'Windows 10', os.arch: 'amd64', os.version: '10.0', java.version: '11.0.23'
Driver info: driver.version: FirefoxDriver
at org.openqa.selenium.firefox.FirefoxBinary.<init>(FirefoxBinary.java:100)
at java.base/java.util.Optional.orElseGet(Optional.java:369)
at org.openqa.selenium.firefox.FirefoxOptions.getBinary(FirefoxOptions.java:216)
at org.openqa.selenium.firefox.FirefoxDriver.toExecutor(FirefoxDriver.java:187)
at org.openqa.selenium.firefox.FirefoxDriver.<init>(FirefoxDriver.java:147)
at org.openqa.selenium.firefox.FirefoxDriver.<init>(FirefoxDriver.java:133)
... 47 more
... Removed 40 stack frames]]>
    </failure>
  </testcase> <!-- @BeforeMethod initWebDriver -->
  <testcase classname="com.automation.KarateTest.SampleTestNgTest" name="@BeforeMethod initPageObjects" time="-1.71614341725E9">
    <skipped/>
  </testcase> <!-- @BeforeMethod initPageObjects -->
  <testcase classname="com.automation.KarateTest.SampleTestNgTest" name="testHomePageHasAHeader" time="0.0">
    <skipped/>
  </testcase> <!-- testHomePageHasAHeader -->
</testsuite> <!-- Test1 -->
